<?xml version="1.0" encoding="UTF-8"?>
<!-- Generated by org.testng.reporters.JUnitReportReporter -->
<testsuite hostname="DESKTOP-QQN379M" failures="0" tests="1" name="resources.BaseClass" time="15.304" errors="0" timestamp="2022-01-22T22:07:34 PKT" skipped="0">
  <testcase classname="resources.BaseClass" name="initialize_driver" time="15.304"/>
  <system-out/>
</testsuite> <!-- resources.BaseClass -->
