<?xml version="1.0" encoding="UTF-8"?>
<!-- Generated by org.testng.reporters.JUnitReportReporter -->
<testsuite hostname="DESKTOP-QQN379M" failures="0" tests="1" name="Test_Cases.Flow_registered_user" time="131.924" errors="0" timestamp="2022-01-22T23:32:23 PKT" skipped="0">
  <testcase classname="Test_Cases.Flow_registered_user" name="main_test" time="131.924"/>
  <system-out/>
</testsuite> <!-- Test_Cases.Flow_registered_user -->
